 New program directory created
 I/O - periphery defective
 Error by initiation of field bus connection
 Subscriber broke down
 EPROM defective or missing
 system function unknown
 Error no. unknown
 EEPROM defective or missing
 Error no. unknown
 Error no. unknown
 Error no. unknown
 Error no. unknown
 Error no. unknown
 Error no. unknown
 Error no. unknown
 Directory empty
 Program not found or defective
 Not possible to change program number - already exists
 Error no. unknown
 Error no. unknown
 Error no. unknown
 Error no. unknown
 Insufficient memory for new program
 Error during load or load interrupted
 Error no. unknown
 Error no. unknown
 Error no. unknown
 Error no. unknown
 Error no. unknown
 Error no. unknown
 Error no. unknown
 Error no. unknown
 Error no. unknown
 Error no. unknown
 Error no. unknown
 EPROM mode
 EPROM mode. No Rename, del., createor move programm.
 Error no. unknown
 Error no. unknown
 Error no. unknown
 Error no. unknown
 Error no. unknown
 Error no. unknown
 Error no. unknown
 Error no. unknown
 Error no. unknown
 Error no. unknown
 Error no. unknown
 Error no. unknown
 Error no. unknown
 Error no. unknown
 Error no. unknown
 Error no. unknown
 Error no. unknown
 Error no. unknown
 Error no. unknown
 Error no. unknown
 Error no. unknown
 Error no. unknown
 Error no. unknown
 Error no. unknown
 Error no. unknown
 Error no. unknown
 Error no. unknown
 Error no. unknown
 Error no. unknown
 Error no. unknown
 Error no. unknown
 Error no. unknown
 Error no. unknown
 Error no. unknown
 Error no. unknown
 Error no. unknown
 Error no. unknown
 Error no. unknown
 Error no. unknown
 Error no. unknown
 Error no. unknown
 Error no. unknown
 Battery low or missing
 Battery empty or missing
 Error no. unknown
 Error no. unknown
 Error no. unknown
 EPROM mode without battery
 Error no. unknown
 Error no. unknown
 Error no. unknown
 Error no. unknown
 Error no. unknown
 Error no. unknown
 Error no. unknown
 Error no. unknown
 Error no. unknown
 Error no. unknown
 Error no. unknown
 Error no. unknown
 Error no. unknown
 Error no. unknown
 Incorrect number of parameters
 Error in parameter 1
 Error in parameter 2
 Error in parameter 3
 Error in parameter 4
 Error in remaining parameters
 Module missing or defective
 Program missing or defective
 Division by 0 or dividend/divisor = -32768
 Value range exceeded during multiplication
 no access to parameter under program control
 Timeout by command under program control
 Error no. unknown
 Error no. unknown
 Error no. unknown
 Error no. unknown
 Error no. unknown
 Error no. unknown
 Error no. unknown
 Error no. unknown
 Error no. unknown
 Error no. unknown
 Error no. unknown
 Error no. unknown
 Error no. unknown
 Error no. unknown
 Error no. unknown
 Error no. unknown
 Error no. unknown
 Error no. unknown
 Error no. unknown
 Error no. unknown
 Error no. unknown
 Error no. unknown
 Error no. unknown
 Error no. unknown
 Error no. unknown
 Error no. unknown
 Error no. unknown
 Error no. unknown
 Error no. unknown
 Error no. unknown
 Error no. unknown
 Error no. unknown
 Error no. unknown
 Error no. unknown
 Error no. unknown
 Error no. unknown
 Error no. unknown
 Error no. unknown
 Error no. unknown
 Error no. unknown
 Error no. unknown
 Hardware error  (Repair)
#################################   #################################
